[2021-05-26 10:06:30] Текст ошибки: Страница не найдена | Файл: D:\programs\OpenServer\domains\watchshop.loc\core\Router.php | Строка: 46 
==========================
[2021-05-26 10:35:17] Текст ошибки: Страница не найдена | Файл: D:\programs\OpenServer\domains\watchshop.loc\core\Router.php | Строка: 46 
==========================
[2021-05-26 10:38:09] Текст ошибки: Страница не найдена | Файл: D:\programs\OpenServer\domains\watchshop.loc\core\Router.php | Строка: 46 
==========================
[2021-05-26 10:38:12] Текст ошибки: Страница не найдена | Файл: D:\programs\OpenServer\domains\watchshop.loc\core\Router.php | Строка: 46 
==========================
[2021-05-26 10:44:51] Текст ошибки: Страница не найдена | Файл: D:\programs\OpenServer\domains\watchshop.loc\core\Router.php | Строка: 46 
==========================
[2021-05-26 12:40:40] Текст ошибки: Страница не найдена | Файл: D:\programs\OpenServer\domains\watchshop.loc\core\Router.php | Строка: 46 
==========================
[2021-05-26 12:50:04] Текст ошибки: Контроллер App\controllers\UserController не найден | Файл: D:\programs\OpenServer\domains\watchshop.loc\core\Router.php | Строка: 43 
==========================
[2021-05-26 12:55:36] Текст ошибки: Контроллер App\controllers\UserController не найден | Файл: D:\programs\OpenServer\domains\watchshop.loc\core\Router.php | Строка: 43 
==========================
[2021-05-26 13:14:13] Текст ошибки: Страница не найдена | Файл: D:\programs\OpenServer\domains\watchshop.loc\core\Router.php | Строка: 46 
==========================
[2021-05-26 14:28:45] Текст ошибки: SQLSTATE[HY000]: General error: 1364 Field 'login' doesn't have a default value | Файл: D:\programs\OpenServer\domains\watchshop.loc\vendor\gabordemooij\redbean\RedBeanPHP\Driver\RPDO.php | Строка: 202 
==========================
[2021-05-26 14:33:12] Текст ошибки: SQLSTATE[HY000]: General error: 1364 Field 'login' doesn't have a default value | Файл: D:\programs\OpenServer\domains\watchshop.loc\vendor\gabordemooij\redbean\RedBeanPHP\Driver\RPDO.php | Строка: 202 
==========================
[2021-05-26 14:33:21] Текст ошибки: SQLSTATE[HY000]: General error: 1364 Field 'login' doesn't have a default value | Файл: D:\programs\OpenServer\domains\watchshop.loc\vendor\gabordemooij\redbean\RedBeanPHP\Driver\RPDO.php | Строка: 202 
==========================
[2021-05-26 14:33:39] Текст ошибки: SQLSTATE[HY000]: General error: 1364 Field 'login' doesn't have a default value | Файл: D:\programs\OpenServer\domains\watchshop.loc\vendor\gabordemooij\redbean\RedBeanPHP\Driver\RPDO.php | Строка: 202 
==========================
[2021-05-26 14:33:40] Текст ошибки: SQLSTATE[HY000]: General error: 1364 Field 'login' doesn't have a default value | Файл: D:\programs\OpenServer\domains\watchshop.loc\vendor\gabordemooij\redbean\RedBeanPHP\Driver\RPDO.php | Строка: 202 
==========================
[2021-05-26 14:35:30] Текст ошибки: SQLSTATE[HY000]: General error: 1364 Field 'password' doesn't have a default value | Файл: D:\programs\OpenServer\domains\watchshop.loc\vendor\gabordemooij\redbean\RedBeanPHP\Driver\RPDO.php | Строка: 202 
==========================
[2021-05-26 14:35:32] Текст ошибки: SQLSTATE[HY000]: General error: 1364 Field 'password' doesn't have a default value | Файл: D:\programs\OpenServer\domains\watchshop.loc\vendor\gabordemooij\redbean\RedBeanPHP\Driver\RPDO.php | Строка: 202 
==========================
[2021-05-26 14:35:48] Текст ошибки: SQLSTATE[HY000]: General error: 1364 Field 'password' doesn't have a default value | Файл: D:\programs\OpenServer\domains\watchshop.loc\vendor\gabordemooij\redbean\RedBeanPHP\Driver\RPDO.php | Строка: 202 
==========================
[2021-05-26 14:36:38] Текст ошибки: SQLSTATE[HY000]: General error: 1364 Field 'email' doesn't have a default value | Файл: D:\programs\OpenServer\domains\watchshop.loc\vendor\gabordemooij\redbean\RedBeanPHP\Driver\RPDO.php | Строка: 202 
==========================
[2021-05-26 14:37:02] Текст ошибки: SQLSTATE[HY000]: General error: 1364 Field 'address' doesn't have a default value | Файл: D:\programs\OpenServer\domains\watchshop.loc\vendor\gabordemooij\redbean\RedBeanPHP\Driver\RPDO.php | Строка: 202 
==========================
[2021-05-26 14:51:59] Текст ошибки: SQLSTATE[23000]: Integrity constraint violation: 1062 Duplicate entry 'wattag' for key 'login' | Файл: D:\programs\OpenServer\domains\watchshop.loc\vendor\gabordemooij\redbean\RedBeanPHP\Driver\RPDO.php | Строка: 202 
==========================
[2021-05-26 17:01:41] Текст ошибки: syntax error, unexpected end of file, expecting elseif (T_ELSEIF) or else (T_ELSE) or endif (T_ENDIF) | Файл: D:\programs\OpenServer\domains\watchshop.loc\app\views\Cart\view.php | Строка: 59 
==========================
[2021-05-26 18:02:16] Текст ошибки: SQLSTATE[23000]: Integrity constraint violation: 1062 Duplicate entry 'test' for key 'address' | Файл: D:\programs\OpenServer\domains\watchshop.loc\vendor\gabordemooij\redbean\RedBeanPHP\Driver\RPDO.php | Строка: 202 
==========================
[2021-05-27 08:44:31] Текст ошибки: Страница не найдена | Файл: D:\programs\OpenServer\domains\watchshop.loc\core\Router.php | Строка: 46 
==========================
[2021-05-27 10:24:19] Текст ошибки: Страница не найдена | Файл: D:\programs\OpenServer\domains\watchshop.loc\core\Router.php | Строка: 46 
==========================
[2021-05-27 10:24:19] Текст ошибки: Страница не найдена | Файл: D:\programs\OpenServer\domains\watchshop.loc\core\Router.php | Строка: 46 
==========================
[2021-05-27 10:24:19] Текст ошибки: Страница не найдена | Файл: D:\programs\OpenServer\domains\watchshop.loc\core\Router.php | Строка: 46 
==========================
[2021-05-27 17:06:34] Текст ошибки: Страница не найдена | Файл: D:\programs\OpenServer\domains\watchshop.loc\core\Router.php | Строка: 46 
==========================
[2021-05-27 17:13:14] Текст ошибки: Страница не найдена | Файл: D:\programs\OpenServer\domains\watchshop.loc\core\Router.php | Строка: 46 
==========================
[2021-05-27 18:02:18] Текст ошибки: SQLSTATE[42S22]: Column not found: 1054 Unknown column 'product_id' in 'group statement' | Файл: D:\programs\OpenServer\domains\watchshop.loc\vendor\gabordemooij\redbean\RedBeanPHP\Driver\RPDO.php | Строка: 202 
==========================
[2021-05-29 09:27:46] Текст ошибки: Call to a member function getDatabase() on null | Файл: D:\programs\OpenServer\domains\watchshop.loc\app\views\layouts\watches.php | Строка: 287 
==========================
[2021-05-29 09:28:14] Текст ошибки: Call to a member function getDatabase() on null | Файл: D:\programs\OpenServer\domains\watchshop.loc\app\views\layouts\watches.php | Строка: 287 
==========================
[2021-05-29 09:40:56] Текст ошибки: Страница не найдена | Файл: D:\programs\OpenServer\domains\watchshop.loc\core\Router.php | Строка: 46 
==========================
[2021-05-29 09:40:56] Текст ошибки: Страница не найдена | Файл: D:\programs\OpenServer\domains\watchshop.loc\core\Router.php | Строка: 46 
==========================
[2021-05-29 09:40:56] Текст ошибки: Страница не найдена | Файл: D:\programs\OpenServer\domains\watchshop.loc\core\Router.php | Строка: 46 
==========================
[2021-05-29 09:40:56] Текст ошибки: Страница не найдена | Файл: D:\programs\OpenServer\domains\watchshop.loc\core\Router.php | Строка: 46 
==========================
[2021-05-29 09:40:56] Текст ошибки: Страница не найдена | Файл: D:\programs\OpenServer\domains\watchshop.loc\core\Router.php | Строка: 46 
==========================
[2021-05-29 09:40:56] Текст ошибки: Страница не найдена | Файл: D:\programs\OpenServer\domains\watchshop.loc\core\Router.php | Строка: 46 
==========================
[2021-05-29 09:40:56] Текст ошибки: Страница не найдена | Файл: D:\programs\OpenServer\domains\watchshop.loc\core\Router.php | Строка: 46 
==========================
[2021-05-29 09:40:56] Текст ошибки: Страница не найдена | Файл: D:\programs\OpenServer\domains\watchshop.loc\core\Router.php | Строка: 46 
==========================
[2021-05-29 09:40:56] Текст ошибки: Страница не найдена | Файл: D:\programs\OpenServer\domains\watchshop.loc\core\Router.php | Строка: 46 
==========================
[2021-05-29 09:40:56] Текст ошибки: Страница не найдена | Файл: D:\programs\OpenServer\domains\watchshop.loc\core\Router.php | Строка: 46 
==========================
[2021-05-29 09:40:56] Текст ошибки: Страница не найдена | Файл: D:\programs\OpenServer\domains\watchshop.loc\core\Router.php | Строка: 46 
==========================
[2021-05-29 09:40:56] Текст ошибки: Страница не найдена | Файл: D:\programs\OpenServer\domains\watchshop.loc\core\Router.php | Строка: 46 
==========================
[2021-05-29 09:40:56] Текст ошибки: Страница не найдена | Файл: D:\programs\OpenServer\domains\watchshop.loc\core\Router.php | Строка: 46 
==========================
[2021-05-29 09:40:56] Текст ошибки: Страница не найдена | Файл: D:\programs\OpenServer\domains\watchshop.loc\core\Router.php | Строка: 46 
==========================
[2021-05-29 09:40:56] Текст ошибки: Страница не найдена | Файл: D:\programs\OpenServer\domains\watchshop.loc\core\Router.php | Строка: 46 
==========================
[2021-05-29 09:40:56] Текст ошибки: Страница не найдена | Файл: D:\programs\OpenServer\domains\watchshop.loc\core\Router.php | Строка: 46 
==========================
[2021-05-29 09:40:56] Текст ошибки: Страница не найдена | Файл: D:\programs\OpenServer\domains\watchshop.loc\core\Router.php | Строка: 46 
==========================
[2021-05-29 09:40:56] Текст ошибки: Страница не найдена | Файл: D:\programs\OpenServer\domains\watchshop.loc\core\Router.php | Строка: 46 
==========================
[2021-05-29 09:40:56] Текст ошибки: Страница не найдена | Файл: D:\programs\OpenServer\domains\watchshop.loc\core\Router.php | Строка: 46 
==========================
[2021-05-29 09:40:56] Текст ошибки: Страница не найдена | Файл: D:\programs\OpenServer\domains\watchshop.loc\core\Router.php | Строка: 46 
==========================
[2021-05-29 09:40:56] Текст ошибки: Страница не найдена | Файл: D:\programs\OpenServer\domains\watchshop.loc\core\Router.php | Строка: 46 
==========================
[2021-05-29 09:40:56] Текст ошибки: Страница не найдена | Файл: D:\programs\OpenServer\domains\watchshop.loc\core\Router.php | Строка: 46 
==========================
[2021-05-29 09:40:56] Текст ошибки: Страница не найдена | Файл: D:\programs\OpenServer\domains\watchshop.loc\core\Router.php | Строка: 46 
==========================
[2021-05-29 09:40:56] Текст ошибки: Страница не найдена | Файл: D:\programs\OpenServer\domains\watchshop.loc\core\Router.php | Строка: 46 
==========================
[2021-05-29 09:40:56] Текст ошибки: Страница не найдена | Файл: D:\programs\OpenServer\domains\watchshop.loc\core\Router.php | Строка: 46 
==========================
[2021-05-29 09:40:56] Текст ошибки: Страница не найдена | Файл: D:\programs\OpenServer\domains\watchshop.loc\core\Router.php | Строка: 46 
==========================
[2021-05-29 09:40:56] Текст ошибки: Страница не найдена | Файл: D:\programs\OpenServer\domains\watchshop.loc\core\Router.php | Строка: 46 
==========================
[2021-05-29 09:40:56] Текст ошибки: Страница не найдена | Файл: D:\programs\OpenServer\domains\watchshop.loc\core\Router.php | Строка: 46 
==========================
[2021-05-29 09:40:56] Текст ошибки: Страница не найдена | Файл: D:\programs\OpenServer\domains\watchshop.loc\core\Router.php | Строка: 46 
==========================
[2021-05-29 09:40:56] Текст ошибки: Страница не найдена | Файл: D:\programs\OpenServer\domains\watchshop.loc\core\Router.php | Строка: 46 
==========================
[2021-05-29 09:40:56] Текст ошибки: Страница не найдена | Файл: D:\programs\OpenServer\domains\watchshop.loc\core\Router.php | Строка: 46 
==========================
[2021-05-29 09:40:56] Текст ошибки: Страница не найдена | Файл: D:\programs\OpenServer\domains\watchshop.loc\core\Router.php | Строка: 46 
==========================
[2021-05-29 09:40:56] Текст ошибки: Страница не найдена | Файл: D:\programs\OpenServer\domains\watchshop.loc\core\Router.php | Строка: 46 
==========================
[2021-05-29 09:40:56] Текст ошибки: Страница не найдена | Файл: D:\programs\OpenServer\domains\watchshop.loc\core\Router.php | Строка: 46 
==========================
[2021-05-29 09:40:56] Текст ошибки: Страница не найдена | Файл: D:\programs\OpenServer\domains\watchshop.loc\core\Router.php | Строка: 46 
==========================
[2021-05-29 09:40:56] Текст ошибки: Страница не найдена | Файл: D:\programs\OpenServer\domains\watchshop.loc\core\Router.php | Строка: 46 
==========================
[2021-05-29 09:40:56] Текст ошибки: Страница не найдена | Файл: D:\programs\OpenServer\domains\watchshop.loc\core\Router.php | Строка: 46 
==========================
[2021-05-29 09:40:56] Текст ошибки: Страница не найдена | Файл: D:\programs\OpenServer\domains\watchshop.loc\core\Router.php | Строка: 46 
==========================
[2021-05-29 09:40:56] Текст ошибки: Страница не найдена | Файл: D:\programs\OpenServer\domains\watchshop.loc\core\Router.php | Строка: 46 
==========================
[2021-05-29 09:40:56] Текст ошибки: Страница не найдена | Файл: D:\programs\OpenServer\domains\watchshop.loc\core\Router.php | Строка: 46 
==========================
[2021-05-29 09:40:56] Текст ошибки: Страница не найдена | Файл: D:\programs\OpenServer\domains\watchshop.loc\core\Router.php | Строка: 46 
==========================
[2021-05-29 09:40:56] Текст ошибки: Страница не найдена | Файл: D:\programs\OpenServer\domains\watchshop.loc\core\Router.php | Строка: 46 
==========================
[2021-05-29 09:40:56] Текст ошибки: Страница не найдена | Файл: D:\programs\OpenServer\domains\watchshop.loc\core\Router.php | Строка: 46 
==========================
[2021-05-29 09:40:56] Текст ошибки: Страница не найдена | Файл: D:\programs\OpenServer\domains\watchshop.loc\core\Router.php | Строка: 46 
==========================
[2021-05-29 09:40:56] Текст ошибки: Страница не найдена | Файл: D:\programs\OpenServer\domains\watchshop.loc\core\Router.php | Строка: 46 
==========================
[2021-05-29 09:40:56] Текст ошибки: Страница не найдена | Файл: D:\programs\OpenServer\domains\watchshop.loc\core\Router.php | Строка: 46 
==========================
[2021-05-29 09:40:56] Текст ошибки: Страница не найдена | Файл: D:\programs\OpenServer\domains\watchshop.loc\core\Router.php | Строка: 46 
==========================
[2021-05-29 09:40:56] Текст ошибки: Страница не найдена | Файл: D:\programs\OpenServer\domains\watchshop.loc\core\Router.php | Строка: 46 
==========================
[2021-05-29 09:40:56] Текст ошибки: Страница не найдена | Файл: D:\programs\OpenServer\domains\watchshop.loc\core\Router.php | Строка: 46 
==========================
[2021-05-29 09:41:45] Текст ошибки: Страница не найдена | Файл: D:\programs\OpenServer\domains\watchshop.loc\core\Router.php | Строка: 46 
==========================
[2021-05-29 09:41:45] Текст ошибки: Страница не найдена | Файл: D:\programs\OpenServer\domains\watchshop.loc\core\Router.php | Строка: 46 
==========================
[2021-05-29 09:41:45] Текст ошибки: Страница не найдена | Файл: D:\programs\OpenServer\domains\watchshop.loc\core\Router.php | Строка: 46 
==========================
[2021-05-29 09:41:45] Текст ошибки: Страница не найдена | Файл: D:\programs\OpenServer\domains\watchshop.loc\core\Router.php | Строка: 46 
==========================
[2021-05-29 09:41:45] Текст ошибки: Страница не найдена | Файл: D:\programs\OpenServer\domains\watchshop.loc\core\Router.php | Строка: 46 
==========================
[2021-05-29 09:41:45] Текст ошибки: Страница не найдена | Файл: D:\programs\OpenServer\domains\watchshop.loc\core\Router.php | Строка: 46 
==========================
[2021-05-29 09:41:45] Текст ошибки: Страница не найдена | Файл: D:\programs\OpenServer\domains\watchshop.loc\core\Router.php | Строка: 46 
==========================
[2021-05-29 09:41:45] Текст ошибки: Страница не найдена | Файл: D:\programs\OpenServer\domains\watchshop.loc\core\Router.php | Строка: 46 
==========================
[2021-05-29 09:41:45] Текст ошибки: Страница не найдена | Файл: D:\programs\OpenServer\domains\watchshop.loc\core\Router.php | Строка: 46 
==========================
[2021-05-29 09:41:45] Текст ошибки: Страница не найдена | Файл: D:\programs\OpenServer\domains\watchshop.loc\core\Router.php | Строка: 46 
==========================
[2021-05-29 09:41:45] Текст ошибки: Страница не найдена | Файл: D:\programs\OpenServer\domains\watchshop.loc\core\Router.php | Строка: 46 
==========================
[2021-05-29 09:41:45] Текст ошибки: Страница не найдена | Файл: D:\programs\OpenServer\domains\watchshop.loc\core\Router.php | Строка: 46 
==========================
[2021-05-29 09:41:45] Текст ошибки: Страница не найдена | Файл: D:\programs\OpenServer\domains\watchshop.loc\core\Router.php | Строка: 46 
==========================
[2021-05-29 09:41:45] Текст ошибки: Страница не найдена | Файл: D:\programs\OpenServer\domains\watchshop.loc\core\Router.php | Строка: 46 
==========================
[2021-05-29 09:41:45] Текст ошибки: Страница не найдена | Файл: D:\programs\OpenServer\domains\watchshop.loc\core\Router.php | Строка: 46 
==========================
[2021-05-29 09:41:45] Текст ошибки: Страница не найдена | Файл: D:\programs\OpenServer\domains\watchshop.loc\core\Router.php | Строка: 46 
==========================
[2021-05-29 09:41:45] Текст ошибки: Страница не найдена | Файл: D:\programs\OpenServer\domains\watchshop.loc\core\Router.php | Строка: 46 
==========================
[2021-05-29 09:41:45] Текст ошибки: Страница не найдена | Файл: D:\programs\OpenServer\domains\watchshop.loc\core\Router.php | Строка: 46 
==========================
[2021-05-29 09:41:45] Текст ошибки: Страница не найдена | Файл: D:\programs\OpenServer\domains\watchshop.loc\core\Router.php | Строка: 46 
==========================
[2021-05-29 09:41:45] Текст ошибки: Страница не найдена | Файл: D:\programs\OpenServer\domains\watchshop.loc\core\Router.php | Строка: 46 
==========================
[2021-05-29 09:41:45] Текст ошибки: Страница не найдена | Файл: D:\programs\OpenServer\domains\watchshop.loc\core\Router.php | Строка: 46 
==========================
[2021-05-29 09:41:45] Текст ошибки: Страница не найдена | Файл: D:\programs\OpenServer\domains\watchshop.loc\core\Router.php | Строка: 46 
==========================
[2021-05-29 09:41:45] Текст ошибки: Страница не найдена | Файл: D:\programs\OpenServer\domains\watchshop.loc\core\Router.php | Строка: 46 
==========================
[2021-05-29 09:41:45] Текст ошибки: Страница не найдена | Файл: D:\programs\OpenServer\domains\watchshop.loc\core\Router.php | Строка: 46 
==========================
[2021-05-29 09:41:45] Текст ошибки: Страница не найдена | Файл: D:\programs\OpenServer\domains\watchshop.loc\core\Router.php | Строка: 46 
==========================
[2021-05-29 09:41:45] Текст ошибки: Страница не найдена | Файл: D:\programs\OpenServer\domains\watchshop.loc\core\Router.php | Строка: 46 
==========================
[2021-05-29 09:41:45] Текст ошибки: Страница не найдена | Файл: D:\programs\OpenServer\domains\watchshop.loc\core\Router.php | Строка: 46 
==========================
[2021-05-29 09:41:45] Текст ошибки: Страница не найдена | Файл: D:\programs\OpenServer\domains\watchshop.loc\core\Router.php | Строка: 46 
==========================
[2021-05-29 09:41:45] Текст ошибки: Страница не найдена | Файл: D:\programs\OpenServer\domains\watchshop.loc\core\Router.php | Строка: 46 
==========================
[2021-05-29 09:41:45] Текст ошибки: Страница не найдена | Файл: D:\programs\OpenServer\domains\watchshop.loc\core\Router.php | Строка: 46 
==========================
[2021-05-29 09:41:45] Текст ошибки: Страница не найдена | Файл: D:\programs\OpenServer\domains\watchshop.loc\core\Router.php | Строка: 46 
==========================
[2021-05-29 09:41:45] Текст ошибки: Страница не найдена | Файл: D:\programs\OpenServer\domains\watchshop.loc\core\Router.php | Строка: 46 
==========================
[2021-05-29 09:41:45] Текст ошибки: Страница не найдена | Файл: D:\programs\OpenServer\domains\watchshop.loc\core\Router.php | Строка: 46 
==========================
[2021-05-29 09:41:45] Текст ошибки: Страница не найдена | Файл: D:\programs\OpenServer\domains\watchshop.loc\core\Router.php | Строка: 46 
==========================
[2021-05-29 09:41:45] Текст ошибки: Страница не найдена | Файл: D:\programs\OpenServer\domains\watchshop.loc\core\Router.php | Строка: 46 
==========================
[2021-05-29 09:41:45] Текст ошибки: Страница не найдена | Файл: D:\programs\OpenServer\domains\watchshop.loc\core\Router.php | Строка: 46 
==========================
[2021-05-29 09:41:45] Текст ошибки: Страница не найдена | Файл: D:\programs\OpenServer\domains\watchshop.loc\core\Router.php | Строка: 46 
==========================
[2021-05-29 09:41:45] Текст ошибки: Страница не найдена | Файл: D:\programs\OpenServer\domains\watchshop.loc\core\Router.php | Строка: 46 
==========================
[2021-05-29 09:41:45] Текст ошибки: Страница не найдена | Файл: D:\programs\OpenServer\domains\watchshop.loc\core\Router.php | Строка: 46 
==========================
[2021-05-29 09:41:45] Текст ошибки: Страница не найдена | Файл: D:\programs\OpenServer\domains\watchshop.loc\core\Router.php | Строка: 46 
==========================
[2021-05-29 09:41:45] Текст ошибки: Страница не найдена | Файл: D:\programs\OpenServer\domains\watchshop.loc\core\Router.php | Строка: 46 
==========================
[2021-05-29 09:41:45] Текст ошибки: Страница не найдена | Файл: D:\programs\OpenServer\domains\watchshop.loc\core\Router.php | Строка: 46 
==========================
[2021-05-29 09:41:45] Текст ошибки: Страница не найдена | Файл: D:\programs\OpenServer\domains\watchshop.loc\core\Router.php | Строка: 46 
==========================
[2021-05-29 09:41:45] Текст ошибки: Страница не найдена | Файл: D:\programs\OpenServer\domains\watchshop.loc\core\Router.php | Строка: 46 
==========================
[2021-05-29 09:41:45] Текст ошибки: Страница не найдена | Файл: D:\programs\OpenServer\domains\watchshop.loc\core\Router.php | Строка: 46 
==========================
[2021-05-29 09:41:45] Текст ошибки: Страница не найдена | Файл: D:\programs\OpenServer\domains\watchshop.loc\core\Router.php | Строка: 46 
==========================
[2021-05-29 09:41:45] Текст ошибки: Страница не найдена | Файл: D:\programs\OpenServer\domains\watchshop.loc\core\Router.php | Строка: 46 
==========================
[2021-05-29 09:41:45] Текст ошибки: Страница не найдена | Файл: D:\programs\OpenServer\domains\watchshop.loc\core\Router.php | Строка: 46 
==========================
[2021-05-29 09:41:46] Текст ошибки: Страница не найдена | Файл: D:\programs\OpenServer\domains\watchshop.loc\core\Router.php | Строка: 46 
==========================
[2021-05-29 09:41:46] Текст ошибки: Страница не найдена | Файл: D:\programs\OpenServer\domains\watchshop.loc\core\Router.php | Строка: 46 
==========================
[2021-05-29 09:41:46] Текст ошибки: Страница не найдена | Файл: D:\programs\OpenServer\domains\watchshop.loc\core\Router.php | Строка: 46 
==========================
[2021-05-29 09:41:46] Текст ошибки: Страница не найдена | Файл: D:\programs\OpenServer\domains\watchshop.loc\core\Router.php | Строка: 46 
==========================
[2021-05-29 09:41:46] Текст ошибки: Страница не найдена | Файл: D:\programs\OpenServer\domains\watchshop.loc\core\Router.php | Строка: 46 
==========================
[2021-05-29 09:41:46] Текст ошибки: Страница не найдена | Файл: D:\programs\OpenServer\domains\watchshop.loc\core\Router.php | Строка: 46 
==========================
[2021-05-29 09:41:46] Текст ошибки: Страница не найдена | Файл: D:\programs\OpenServer\domains\watchshop.loc\core\Router.php | Строка: 46 
==========================
[2021-05-29 09:41:46] Текст ошибки: Страница не найдена | Файл: D:\programs\OpenServer\domains\watchshop.loc\core\Router.php | Строка: 46 
==========================
[2021-05-29 09:41:46] Текст ошибки: Страница не найдена | Файл: D:\programs\OpenServer\domains\watchshop.loc\core\Router.php | Строка: 46 
==========================
[2021-05-29 09:41:46] Текст ошибки: Страница не найдена | Файл: D:\programs\OpenServer\domains\watchshop.loc\core\Router.php | Строка: 46 
==========================
[2021-05-29 09:41:46] Текст ошибки: Страница не найдена | Файл: D:\programs\OpenServer\domains\watchshop.loc\core\Router.php | Строка: 46 
==========================
[2021-05-29 09:41:46] Текст ошибки: Страница не найдена | Файл: D:\programs\OpenServer\domains\watchshop.loc\core\Router.php | Строка: 46 
==========================
[2021-05-29 09:41:46] Текст ошибки: Страница не найдена | Файл: D:\programs\OpenServer\domains\watchshop.loc\core\Router.php | Строка: 46 
==========================
[2021-05-29 09:41:46] Текст ошибки: Страница не найдена | Файл: D:\programs\OpenServer\domains\watchshop.loc\core\Router.php | Строка: 46 
==========================
[2021-05-29 09:41:46] Текст ошибки: Страница не найдена | Файл: D:\programs\OpenServer\domains\watchshop.loc\core\Router.php | Строка: 46 
==========================
[2021-05-29 09:41:46] Текст ошибки: Страница не найдена | Файл: D:\programs\OpenServer\domains\watchshop.loc\core\Router.php | Строка: 46 
==========================
[2021-05-29 09:41:46] Текст ошибки: Страница не найдена | Файл: D:\programs\OpenServer\domains\watchshop.loc\core\Router.php | Строка: 46 
==========================
[2021-05-29 09:41:46] Текст ошибки: Страница не найдена | Файл: D:\programs\OpenServer\domains\watchshop.loc\core\Router.php | Строка: 46 
==========================
[2021-05-29 09:41:46] Текст ошибки: Страница не найдена | Файл: D:\programs\OpenServer\domains\watchshop.loc\core\Router.php | Строка: 46 
==========================
[2021-05-29 09:41:46] Текст ошибки: Страница не найдена | Файл: D:\programs\OpenServer\domains\watchshop.loc\core\Router.php | Строка: 46 
==========================
[2021-05-29 09:41:46] Текст ошибки: Страница не найдена | Файл: D:\programs\OpenServer\domains\watchshop.loc\core\Router.php | Строка: 46 
==========================
[2021-05-29 09:41:46] Текст ошибки: Страница не найдена | Файл: D:\programs\OpenServer\domains\watchshop.loc\core\Router.php | Строка: 46 
==========================
[2021-05-29 09:41:46] Текст ошибки: Страница не найдена | Файл: D:\programs\OpenServer\domains\watchshop.loc\core\Router.php | Строка: 46 
==========================
[2021-05-29 09:41:46] Текст ошибки: Страница не найдена | Файл: D:\programs\OpenServer\domains\watchshop.loc\core\Router.php | Строка: 46 
==========================
[2021-05-29 09:41:46] Текст ошибки: Страница не найдена | Файл: D:\programs\OpenServer\domains\watchshop.loc\core\Router.php | Строка: 46 
==========================
[2021-05-29 09:41:46] Текст ошибки: Страница не найдена | Файл: D:\programs\OpenServer\domains\watchshop.loc\core\Router.php | Строка: 46 
==========================
[2021-05-29 09:41:46] Текст ошибки: Страница не найдена | Файл: D:\programs\OpenServer\domains\watchshop.loc\core\Router.php | Строка: 46 
==========================
[2021-05-29 09:41:46] Текст ошибки: Страница не найдена | Файл: D:\programs\OpenServer\domains\watchshop.loc\core\Router.php | Строка: 46 
==========================
[2021-05-29 09:41:46] Текст ошибки: Страница не найдена | Файл: D:\programs\OpenServer\domains\watchshop.loc\core\Router.php | Строка: 46 
==========================
[2021-05-29 09:41:46] Текст ошибки: Страница не найдена | Файл: D:\programs\OpenServer\domains\watchshop.loc\core\Router.php | Строка: 46 
==========================
[2021-05-29 09:41:46] Текст ошибки: Страница не найдена | Файл: D:\programs\OpenServer\domains\watchshop.loc\core\Router.php | Строка: 46 
==========================
[2021-05-29 09:41:46] Текст ошибки: Страница не найдена | Файл: D:\programs\OpenServer\domains\watchshop.loc\core\Router.php | Строка: 46 
==========================
[2021-05-29 09:41:46] Текст ошибки: Страница не найдена | Файл: D:\programs\OpenServer\domains\watchshop.loc\core\Router.php | Строка: 46 
==========================
[2021-05-29 09:41:46] Текст ошибки: Страница не найдена | Файл: D:\programs\OpenServer\domains\watchshop.loc\core\Router.php | Строка: 46 
==========================
[2021-05-29 09:41:46] Текст ошибки: Страница не найдена | Файл: D:\programs\OpenServer\domains\watchshop.loc\core\Router.php | Строка: 46 
==========================
[2021-05-29 09:41:46] Текст ошибки: Страница не найдена | Файл: D:\programs\OpenServer\domains\watchshop.loc\core\Router.php | Строка: 46 
==========================
[2021-05-29 09:41:46] Текст ошибки: Страница не найдена | Файл: D:\programs\OpenServer\domains\watchshop.loc\core\Router.php | Строка: 46 
==========================
[2021-05-29 09:41:46] Текст ошибки: Страница не найдена | Файл: D:\programs\OpenServer\domains\watchshop.loc\core\Router.php | Строка: 46 
==========================
[2021-05-29 09:41:46] Текст ошибки: Страница не найдена | Файл: D:\programs\OpenServer\domains\watchshop.loc\core\Router.php | Строка: 46 
==========================
[2021-05-29 09:41:46] Текст ошибки: Страница не найдена | Файл: D:\programs\OpenServer\domains\watchshop.loc\core\Router.php | Строка: 46 
==========================
[2021-05-29 09:41:46] Текст ошибки: Страница не найдена | Файл: D:\programs\OpenServer\domains\watchshop.loc\core\Router.php | Строка: 46 
==========================
[2021-05-29 09:41:54] Текст ошибки: Страница не найдена | Файл: D:\programs\OpenServer\domains\watchshop.loc\core\Router.php | Строка: 46 
==========================
[2021-05-29 09:41:54] Текст ошибки: Страница не найдена | Файл: D:\programs\OpenServer\domains\watchshop.loc\core\Router.php | Строка: 46 
==========================
[2021-05-29 09:41:54] Текст ошибки: Страница не найдена | Файл: D:\programs\OpenServer\domains\watchshop.loc\core\Router.php | Строка: 46 
==========================
[2021-05-29 09:41:54] Текст ошибки: Страница не найдена | Файл: D:\programs\OpenServer\domains\watchshop.loc\core\Router.php | Строка: 46 
==========================
[2021-05-29 09:41:54] Текст ошибки: Страница не найдена | Файл: D:\programs\OpenServer\domains\watchshop.loc\core\Router.php | Строка: 46 
==========================
[2021-05-29 09:41:54] Текст ошибки: Страница не найдена | Файл: D:\programs\OpenServer\domains\watchshop.loc\core\Router.php | Строка: 46 
==========================
[2021-05-29 09:41:54] Текст ошибки: Страница не найдена | Файл: D:\programs\OpenServer\domains\watchshop.loc\core\Router.php | Строка: 46 
==========================
[2021-05-29 09:41:54] Текст ошибки: Страница не найдена | Файл: D:\programs\OpenServer\domains\watchshop.loc\core\Router.php | Строка: 46 
==========================
[2021-05-29 09:41:54] Текст ошибки: Страница не найдена | Файл: D:\programs\OpenServer\domains\watchshop.loc\core\Router.php | Строка: 46 
==========================
[2021-05-29 09:41:54] Текст ошибки: Страница не найдена | Файл: D:\programs\OpenServer\domains\watchshop.loc\core\Router.php | Строка: 46 
==========================
[2021-05-29 09:41:54] Текст ошибки: Страница не найдена | Файл: D:\programs\OpenServer\domains\watchshop.loc\core\Router.php | Строка: 46 
==========================
[2021-05-29 09:41:54] Текст ошибки: Страница не найдена | Файл: D:\programs\OpenServer\domains\watchshop.loc\core\Router.php | Строка: 46 
==========================
[2021-05-29 09:41:54] Текст ошибки: Страница не найдена | Файл: D:\programs\OpenServer\domains\watchshop.loc\core\Router.php | Строка: 46 
==========================
[2021-05-29 09:41:54] Текст ошибки: Страница не найдена | Файл: D:\programs\OpenServer\domains\watchshop.loc\core\Router.php | Строка: 46 
==========================
[2021-05-29 09:41:54] Текст ошибки: Страница не найдена | Файл: D:\programs\OpenServer\domains\watchshop.loc\core\Router.php | Строка: 46 
==========================
[2021-05-29 09:41:54] Текст ошибки: Страница не найдена | Файл: D:\programs\OpenServer\domains\watchshop.loc\core\Router.php | Строка: 46 
==========================
[2021-05-29 09:41:54] Текст ошибки: Страница не найдена | Файл: D:\programs\OpenServer\domains\watchshop.loc\core\Router.php | Строка: 46 
==========================
[2021-05-29 09:41:54] Текст ошибки: Страница не найдена | Файл: D:\programs\OpenServer\domains\watchshop.loc\core\Router.php | Строка: 46 
==========================
[2021-05-29 09:41:54] Текст ошибки: Страница не найдена | Файл: D:\programs\OpenServer\domains\watchshop.loc\core\Router.php | Строка: 46 
==========================
[2021-05-29 09:41:54] Текст ошибки: Страница не найдена | Файл: D:\programs\OpenServer\domains\watchshop.loc\core\Router.php | Строка: 46 
==========================
[2021-05-29 09:41:54] Текст ошибки: Страница не найдена | Файл: D:\programs\OpenServer\domains\watchshop.loc\core\Router.php | Строка: 46 
==========================
[2021-05-29 09:41:54] Текст ошибки: Страница не найдена | Файл: D:\programs\OpenServer\domains\watchshop.loc\core\Router.php | Строка: 46 
==========================
[2021-05-29 09:41:54] Текст ошибки: Страница не найдена | Файл: D:\programs\OpenServer\domains\watchshop.loc\core\Router.php | Строка: 46 
==========================
[2021-05-29 09:41:54] Текст ошибки: Страница не найдена | Файл: D:\programs\OpenServer\domains\watchshop.loc\core\Router.php | Строка: 46 
==========================
[2021-05-29 09:41:54] Текст ошибки: Страница не найдена | Файл: D:\programs\OpenServer\domains\watchshop.loc\core\Router.php | Строка: 46 
==========================
[2021-05-29 09:41:54] Текст ошибки: Страница не найдена | Файл: D:\programs\OpenServer\domains\watchshop.loc\core\Router.php | Строка: 46 
==========================
[2021-05-29 09:41:54] Текст ошибки: Страница не найдена | Файл: D:\programs\OpenServer\domains\watchshop.loc\core\Router.php | Строка: 46 
==========================
[2021-05-29 09:41:54] Текст ошибки: Страница не найдена | Файл: D:\programs\OpenServer\domains\watchshop.loc\core\Router.php | Строка: 46 
==========================
[2021-05-29 09:41:54] Текст ошибки: Страница не найдена | Файл: D:\programs\OpenServer\domains\watchshop.loc\core\Router.php | Строка: 46 
==========================
[2021-05-29 09:41:54] Текст ошибки: Страница не найдена | Файл: D:\programs\OpenServer\domains\watchshop.loc\core\Router.php | Строка: 46 
==========================
[2021-05-29 09:41:54] Текст ошибки: Страница не найдена | Файл: D:\programs\OpenServer\domains\watchshop.loc\core\Router.php | Строка: 46 
==========================
[2021-05-29 09:41:54] Текст ошибки: Страница не найдена | Файл: D:\programs\OpenServer\domains\watchshop.loc\core\Router.php | Строка: 46 
==========================
[2021-05-29 09:41:54] Текст ошибки: Страница не найдена | Файл: D:\programs\OpenServer\domains\watchshop.loc\core\Router.php | Строка: 46 
==========================
[2021-05-29 09:41:54] Текст ошибки: Страница не найдена | Файл: D:\programs\OpenServer\domains\watchshop.loc\core\Router.php | Строка: 46 
==========================
[2021-05-29 09:41:54] Текст ошибки: Страница не найдена | Файл: D:\programs\OpenServer\domains\watchshop.loc\core\Router.php | Строка: 46 
==========================
[2021-05-29 09:41:54] Текст ошибки: Страница не найдена | Файл: D:\programs\OpenServer\domains\watchshop.loc\core\Router.php | Строка: 46 
==========================
[2021-05-29 09:41:54] Текст ошибки: Страница не найдена | Файл: D:\programs\OpenServer\domains\watchshop.loc\core\Router.php | Строка: 46 
==========================
[2021-05-29 09:41:54] Текст ошибки: Страница не найдена | Файл: D:\programs\OpenServer\domains\watchshop.loc\core\Router.php | Строка: 46 
==========================
[2021-05-29 09:41:54] Текст ошибки: Страница не найдена | Файл: D:\programs\OpenServer\domains\watchshop.loc\core\Router.php | Строка: 46 
==========================
[2021-05-29 09:41:54] Текст ошибки: Страница не найдена | Файл: D:\programs\OpenServer\domains\watchshop.loc\core\Router.php | Строка: 46 
==========================
[2021-05-29 09:41:54] Текст ошибки: Страница не найдена | Файл: D:\programs\OpenServer\domains\watchshop.loc\core\Router.php | Строка: 46 
==========================
[2021-05-29 09:41:54] Текст ошибки: Страница не найдена | Файл: D:\programs\OpenServer\domains\watchshop.loc\core\Router.php | Строка: 46 
==========================
[2021-05-29 09:42:02] Текст ошибки: Страница не найдена | Файл: D:\programs\OpenServer\domains\watchshop.loc\core\Router.php | Строка: 46 
==========================
[2021-05-29 09:42:02] Текст ошибки: Страница не найдена | Файл: D:\programs\OpenServer\domains\watchshop.loc\core\Router.php | Строка: 46 
==========================
[2021-05-29 09:42:02] Текст ошибки: Страница не найдена | Файл: D:\programs\OpenServer\domains\watchshop.loc\core\Router.php | Строка: 46 
==========================
[2021-05-29 09:42:02] Текст ошибки: Страница не найдена | Файл: D:\programs\OpenServer\domains\watchshop.loc\core\Router.php | Строка: 46 
==========================
[2021-05-29 09:42:02] Текст ошибки: Страница не найдена | Файл: D:\programs\OpenServer\domains\watchshop.loc\core\Router.php | Строка: 46 
==========================
[2021-05-29 09:42:02] Текст ошибки: Страница не найдена | Файл: D:\programs\OpenServer\domains\watchshop.loc\core\Router.php | Строка: 46 
==========================
[2021-05-29 09:42:02] Текст ошибки: Страница не найдена | Файл: D:\programs\OpenServer\domains\watchshop.loc\core\Router.php | Строка: 46 
==========================
[2021-05-29 09:42:02] Текст ошибки: Страница не найдена | Файл: D:\programs\OpenServer\domains\watchshop.loc\core\Router.php | Строка: 46 
==========================
[2021-05-29 09:42:02] Текст ошибки: Страница не найдена | Файл: D:\programs\OpenServer\domains\watchshop.loc\core\Router.php | Строка: 46 
==========================
[2021-05-29 09:42:02] Текст ошибки: Страница не найдена | Файл: D:\programs\OpenServer\domains\watchshop.loc\core\Router.php | Строка: 46 
==========================
[2021-05-29 09:42:02] Текст ошибки: Страница не найдена | Файл: D:\programs\OpenServer\domains\watchshop.loc\core\Router.php | Строка: 46 
==========================
[2021-05-29 09:42:02] Текст ошибки: Страница не найдена | Файл: D:\programs\OpenServer\domains\watchshop.loc\core\Router.php | Строка: 46 
==========================
[2021-05-29 09:42:02] Текст ошибки: Страница не найдена | Файл: D:\programs\OpenServer\domains\watchshop.loc\core\Router.php | Строка: 46 
==========================
[2021-05-29 09:42:02] Текст ошибки: Страница не найдена | Файл: D:\programs\OpenServer\domains\watchshop.loc\core\Router.php | Строка: 46 
==========================
[2021-05-29 09:42:02] Текст ошибки: Страница не найдена | Файл: D:\programs\OpenServer\domains\watchshop.loc\core\Router.php | Строка: 46 
==========================
[2021-05-29 09:42:02] Текст ошибки: Страница не найдена | Файл: D:\programs\OpenServer\domains\watchshop.loc\core\Router.php | Строка: 46 
==========================
[2021-05-29 09:42:02] Текст ошибки: Страница не найдена | Файл: D:\programs\OpenServer\domains\watchshop.loc\core\Router.php | Строка: 46 
==========================
[2021-05-29 09:42:02] Текст ошибки: Страница не найдена | Файл: D:\programs\OpenServer\domains\watchshop.loc\core\Router.php | Строка: 46 
==========================
[2021-05-29 09:42:02] Текст ошибки: Страница не найдена | Файл: D:\programs\OpenServer\domains\watchshop.loc\core\Router.php | Строка: 46 
==========================
[2021-05-29 09:42:02] Текст ошибки: Страница не найдена | Файл: D:\programs\OpenServer\domains\watchshop.loc\core\Router.php | Строка: 46 
==========================
[2021-05-29 09:42:02] Текст ошибки: Страница не найдена | Файл: D:\programs\OpenServer\domains\watchshop.loc\core\Router.php | Строка: 46 
==========================
[2021-05-29 09:42:02] Текст ошибки: Страница не найдена | Файл: D:\programs\OpenServer\domains\watchshop.loc\core\Router.php | Строка: 46 
==========================
[2021-05-29 09:42:02] Текст ошибки: Страница не найдена | Файл: D:\programs\OpenServer\domains\watchshop.loc\core\Router.php | Строка: 46 
==========================
[2021-05-29 09:42:02] Текст ошибки: Страница не найдена | Файл: D:\programs\OpenServer\domains\watchshop.loc\core\Router.php | Строка: 46 
==========================
[2021-05-29 09:42:02] Текст ошибки: Страница не найдена | Файл: D:\programs\OpenServer\domains\watchshop.loc\core\Router.php | Строка: 46 
==========================
[2021-05-29 09:42:02] Текст ошибки: Страница не найдена | Файл: D:\programs\OpenServer\domains\watchshop.loc\core\Router.php | Строка: 46 
==========================
[2021-05-29 09:42:02] Текст ошибки: Страница не найдена | Файл: D:\programs\OpenServer\domains\watchshop.loc\core\Router.php | Строка: 46 
==========================
[2021-05-29 09:42:02] Текст ошибки: Страница не найдена | Файл: D:\programs\OpenServer\domains\watchshop.loc\core\Router.php | Строка: 46 
==========================
[2021-05-29 09:42:02] Текст ошибки: Страница не найдена | Файл: D:\programs\OpenServer\domains\watchshop.loc\core\Router.php | Строка: 46 
==========================
[2021-05-29 09:42:02] Текст ошибки: Страница не найдена | Файл: D:\programs\OpenServer\domains\watchshop.loc\core\Router.php | Строка: 46 
==========================
[2021-05-29 09:42:02] Текст ошибки: Страница не найдена | Файл: D:\programs\OpenServer\domains\watchshop.loc\core\Router.php | Строка: 46 
==========================
[2021-05-29 09:42:02] Текст ошибки: Страница не найдена | Файл: D:\programs\OpenServer\domains\watchshop.loc\core\Router.php | Строка: 46 
==========================
[2021-05-29 09:42:02] Текст ошибки: Страница не найдена | Файл: D:\programs\OpenServer\domains\watchshop.loc\core\Router.php | Строка: 46 
==========================
[2021-05-29 09:42:02] Текст ошибки: Страница не найдена | Файл: D:\programs\OpenServer\domains\watchshop.loc\core\Router.php | Строка: 46 
==========================
[2021-05-29 09:42:02] Текст ошибки: Страница не найдена | Файл: D:\programs\OpenServer\domains\watchshop.loc\core\Router.php | Строка: 46 
==========================
[2021-05-29 09:42:02] Текст ошибки: Страница не найдена | Файл: D:\programs\OpenServer\domains\watchshop.loc\core\Router.php | Строка: 46 
==========================
[2021-05-29 09:42:02] Текст ошибки: Страница не найдена | Файл: D:\programs\OpenServer\domains\watchshop.loc\core\Router.php | Строка: 46 
==========================
[2021-05-29 09:42:02] Текст ошибки: Страница не найдена | Файл: D:\programs\OpenServer\domains\watchshop.loc\core\Router.php | Строка: 46 
==========================
[2021-05-29 09:42:02] Текст ошибки: Страница не найдена | Файл: D:\programs\OpenServer\domains\watchshop.loc\core\Router.php | Строка: 46 
==========================
[2021-05-29 09:42:02] Текст ошибки: Страница не найдена | Файл: D:\programs\OpenServer\domains\watchshop.loc\core\Router.php | Строка: 46 
==========================
[2021-05-29 09:42:02] Текст ошибки: Страница не найдена | Файл: D:\programs\OpenServer\domains\watchshop.loc\core\Router.php | Строка: 46 
==========================
[2021-05-29 09:42:02] Текст ошибки: Страница не найдена | Файл: D:\programs\OpenServer\domains\watchshop.loc\core\Router.php | Строка: 46 
==========================
[2021-05-29 09:42:02] Текст ошибки: Страница не найдена | Файл: D:\programs\OpenServer\domains\watchshop.loc\core\Router.php | Строка: 46 
==========================
[2021-05-29 09:42:02] Текст ошибки: Страница не найдена | Файл: D:\programs\OpenServer\domains\watchshop.loc\core\Router.php | Строка: 46 
==========================
[2021-05-29 09:42:02] Текст ошибки: Страница не найдена | Файл: D:\programs\OpenServer\domains\watchshop.loc\core\Router.php | Строка: 46 
==========================
[2021-05-29 09:42:02] Текст ошибки: Страница не найдена | Файл: D:\programs\OpenServer\domains\watchshop.loc\core\Router.php | Строка: 46 
==========================
[2021-05-29 09:42:02] Текст ошибки: Страница не найдена | Файл: D:\programs\OpenServer\domains\watchshop.loc\core\Router.php | Строка: 46 
==========================
[2021-05-29 09:42:02] Текст ошибки: Страница не найдена | Файл: D:\programs\OpenServer\domains\watchshop.loc\core\Router.php | Строка: 46 
==========================
[2021-05-29 09:44:41] Текст ошибки: Страница не найдена | Файл: D:\programs\OpenServer\domains\watchshop.loc\core\Router.php | Строка: 46 
==========================
[2021-05-29 09:44:41] Текст ошибки: Страница не найдена | Файл: D:\programs\OpenServer\domains\watchshop.loc\core\Router.php | Строка: 46 
==========================
[2021-05-29 09:44:41] Текст ошибки: Страница не найдена | Файл: D:\programs\OpenServer\domains\watchshop.loc\core\Router.php | Строка: 46 
==========================
[2021-05-29 09:44:41] Текст ошибки: Страница не найдена | Файл: D:\programs\OpenServer\domains\watchshop.loc\core\Router.php | Строка: 46 
==========================
[2021-05-29 09:44:41] Текст ошибки: Страница не найдена | Файл: D:\programs\OpenServer\domains\watchshop.loc\core\Router.php | Строка: 46 
==========================
[2021-05-29 09:44:41] Текст ошибки: Страница не найдена | Файл: D:\programs\OpenServer\domains\watchshop.loc\core\Router.php | Строка: 46 
==========================
[2021-05-29 09:44:41] Текст ошибки: Страница не найдена | Файл: D:\programs\OpenServer\domains\watchshop.loc\core\Router.php | Строка: 46 
==========================
[2021-05-29 09:44:41] Текст ошибки: Страница не найдена | Файл: D:\programs\OpenServer\domains\watchshop.loc\core\Router.php | Строка: 46 
==========================
[2021-05-29 09:44:41] Текст ошибки: Страница не найдена | Файл: D:\programs\OpenServer\domains\watchshop.loc\core\Router.php | Строка: 46 
==========================
[2021-05-29 09:44:41] Текст ошибки: Страница не найдена | Файл: D:\programs\OpenServer\domains\watchshop.loc\core\Router.php | Строка: 46 
==========================
[2021-05-29 09:44:41] Текст ошибки: Страница не найдена | Файл: D:\programs\OpenServer\domains\watchshop.loc\core\Router.php | Строка: 46 
==========================
[2021-05-29 09:44:41] Текст ошибки: Страница не найдена | Файл: D:\programs\OpenServer\domains\watchshop.loc\core\Router.php | Строка: 46 
==========================
[2021-05-29 09:44:41] Текст ошибки: Страница не найдена | Файл: D:\programs\OpenServer\domains\watchshop.loc\core\Router.php | Строка: 46 
==========================
[2021-05-29 09:44:41] Текст ошибки: Страница не найдена | Файл: D:\programs\OpenServer\domains\watchshop.loc\core\Router.php | Строка: 46 
==========================
[2021-05-29 09:44:41] Текст ошибки: Страница не найдена | Файл: D:\programs\OpenServer\domains\watchshop.loc\core\Router.php | Строка: 46 
==========================
[2021-05-29 09:44:41] Текст ошибки: Страница не найдена | Файл: D:\programs\OpenServer\domains\watchshop.loc\core\Router.php | Строка: 46 
==========================
[2021-05-29 09:44:41] Текст ошибки: Страница не найдена | Файл: D:\programs\OpenServer\domains\watchshop.loc\core\Router.php | Строка: 46 
==========================
[2021-05-29 09:44:41] Текст ошибки: Страница не найдена | Файл: D:\programs\OpenServer\domains\watchshop.loc\core\Router.php | Строка: 46 
==========================
[2021-05-29 09:44:41] Текст ошибки: Страница не найдена | Файл: D:\programs\OpenServer\domains\watchshop.loc\core\Router.php | Строка: 46 
==========================
[2021-05-29 09:44:41] Текст ошибки: Страница не найдена | Файл: D:\programs\OpenServer\domains\watchshop.loc\core\Router.php | Строка: 46 
==========================
[2021-05-29 09:44:41] Текст ошибки: Страница не найдена | Файл: D:\programs\OpenServer\domains\watchshop.loc\core\Router.php | Строка: 46 
==========================
[2021-05-29 09:44:41] Текст ошибки: Страница не найдена | Файл: D:\programs\OpenServer\domains\watchshop.loc\core\Router.php | Строка: 46 
==========================
[2021-05-29 09:44:41] Текст ошибки: Страница не найдена | Файл: D:\programs\OpenServer\domains\watchshop.loc\core\Router.php | Строка: 46 
==========================
[2021-05-29 09:44:41] Текст ошибки: Страница не найдена | Файл: D:\programs\OpenServer\domains\watchshop.loc\core\Router.php | Строка: 46 
==========================
[2021-05-29 09:44:41] Текст ошибки: Страница не найдена | Файл: D:\programs\OpenServer\domains\watchshop.loc\core\Router.php | Строка: 46 
==========================
[2021-05-29 09:44:41] Текст ошибки: Страница не найдена | Файл: D:\programs\OpenServer\domains\watchshop.loc\core\Router.php | Строка: 46 
==========================
[2021-05-29 09:44:41] Текст ошибки: Страница не найдена | Файл: D:\programs\OpenServer\domains\watchshop.loc\core\Router.php | Строка: 46 
==========================
[2021-05-29 09:44:41] Текст ошибки: Страница не найдена | Файл: D:\programs\OpenServer\domains\watchshop.loc\core\Router.php | Строка: 46 
==========================
[2021-05-29 09:44:41] Текст ошибки: Страница не найдена | Файл: D:\programs\OpenServer\domains\watchshop.loc\core\Router.php | Строка: 46 
==========================
[2021-05-29 09:44:41] Текст ошибки: Страница не найдена | Файл: D:\programs\OpenServer\domains\watchshop.loc\core\Router.php | Строка: 46 
==========================
[2021-05-29 09:44:41] Текст ошибки: Страница не найдена | Файл: D:\programs\OpenServer\domains\watchshop.loc\core\Router.php | Строка: 46 
==========================
[2021-05-29 09:44:42] Текст ошибки: Страница не найдена | Файл: D:\programs\OpenServer\domains\watchshop.loc\core\Router.php | Строка: 46 
==========================
[2021-05-29 09:44:42] Текст ошибки: Страница не найдена | Файл: D:\programs\OpenServer\domains\watchshop.loc\core\Router.php | Строка: 46 
==========================
[2021-05-29 09:44:42] Текст ошибки: Страница не найдена | Файл: D:\programs\OpenServer\domains\watchshop.loc\core\Router.php | Строка: 46 
==========================
[2021-05-29 09:44:42] Текст ошибки: Страница не найдена | Файл: D:\programs\OpenServer\domains\watchshop.loc\core\Router.php | Строка: 46 
==========================
[2021-05-29 09:44:42] Текст ошибки: Страница не найдена | Файл: D:\programs\OpenServer\domains\watchshop.loc\core\Router.php | Строка: 46 
==========================
[2021-05-29 09:44:42] Текст ошибки: Страница не найдена | Файл: D:\programs\OpenServer\domains\watchshop.loc\core\Router.php | Строка: 46 
==========================
[2021-05-29 09:44:42] Текст ошибки: Страница не найдена | Файл: D:\programs\OpenServer\domains\watchshop.loc\core\Router.php | Строка: 46 
==========================
[2021-05-29 09:46:13] Текст ошибки: Страница не найдена | Файл: D:\programs\OpenServer\domains\watchshop.loc\core\Router.php | Строка: 46 
==========================
[2021-05-29 09:46:13] Текст ошибки: Страница не найдена | Файл: D:\programs\OpenServer\domains\watchshop.loc\core\Router.php | Строка: 46 
==========================
[2021-05-29 09:46:13] Текст ошибки: Страница не найдена | Файл: D:\programs\OpenServer\domains\watchshop.loc\core\Router.php | Строка: 46 
==========================
[2021-05-29 09:46:13] Текст ошибки: Страница не найдена | Файл: D:\programs\OpenServer\domains\watchshop.loc\core\Router.php | Строка: 46 
==========================
[2021-05-29 09:46:13] Текст ошибки: Страница не найдена | Файл: D:\programs\OpenServer\domains\watchshop.loc\core\Router.php | Строка: 46 
==========================
[2021-05-29 09:46:13] Текст ошибки: Страница не найдена | Файл: D:\programs\OpenServer\domains\watchshop.loc\core\Router.php | Строка: 46 
==========================
[2021-05-29 09:46:13] Текст ошибки: Страница не найдена | Файл: D:\programs\OpenServer\domains\watchshop.loc\core\Router.php | Строка: 46 
==========================
[2021-05-29 09:46:13] Текст ошибки: Страница не найдена | Файл: D:\programs\OpenServer\domains\watchshop.loc\core\Router.php | Строка: 46 
==========================
[2021-05-29 09:46:13] Текст ошибки: Страница не найдена | Файл: D:\programs\OpenServer\domains\watchshop.loc\core\Router.php | Строка: 46 
==========================
[2021-05-29 09:46:13] Текст ошибки: Страница не найдена | Файл: D:\programs\OpenServer\domains\watchshop.loc\core\Router.php | Строка: 46 
==========================
[2021-05-29 09:46:13] Текст ошибки: Страница не найдена | Файл: D:\programs\OpenServer\domains\watchshop.loc\core\Router.php | Строка: 46 
==========================
[2021-05-29 09:46:13] Текст ошибки: Страница не найдена | Файл: D:\programs\OpenServer\domains\watchshop.loc\core\Router.php | Строка: 46 
==========================
[2021-05-29 09:46:13] Текст ошибки: Страница не найдена | Файл: D:\programs\OpenServer\domains\watchshop.loc\core\Router.php | Строка: 46 
==========================
[2021-05-29 09:46:13] Текст ошибки: Страница не найдена | Файл: D:\programs\OpenServer\domains\watchshop.loc\core\Router.php | Строка: 46 
==========================
[2021-05-29 09:46:13] Текст ошибки: Страница не найдена | Файл: D:\programs\OpenServer\domains\watchshop.loc\core\Router.php | Строка: 46 
==========================
[2021-05-29 09:46:13] Текст ошибки: Страница не найдена | Файл: D:\programs\OpenServer\domains\watchshop.loc\core\Router.php | Строка: 46 
==========================
[2021-05-29 09:46:13] Текст ошибки: Страница не найдена | Файл: D:\programs\OpenServer\domains\watchshop.loc\core\Router.php | Строка: 46 
==========================
[2021-05-29 09:46:13] Текст ошибки: Страница не найдена | Файл: D:\programs\OpenServer\domains\watchshop.loc\core\Router.php | Строка: 46 
==========================
[2021-05-29 09:46:13] Текст ошибки: Страница не найдена | Файл: D:\programs\OpenServer\domains\watchshop.loc\core\Router.php | Строка: 46 
==========================
[2021-05-29 09:46:13] Текст ошибки: Страница не найдена | Файл: D:\programs\OpenServer\domains\watchshop.loc\core\Router.php | Строка: 46 
==========================
[2021-05-29 09:46:13] Текст ошибки: Страница не найдена | Файл: D:\programs\OpenServer\domains\watchshop.loc\core\Router.php | Строка: 46 
==========================
[2021-05-29 09:46:13] Текст ошибки: Страница не найдена | Файл: D:\programs\OpenServer\domains\watchshop.loc\core\Router.php | Строка: 46 
==========================
[2021-05-29 09:46:13] Текст ошибки: Страница не найдена | Файл: D:\programs\OpenServer\domains\watchshop.loc\core\Router.php | Строка: 46 
==========================
[2021-05-29 09:46:13] Текст ошибки: Страница не найдена | Файл: D:\programs\OpenServer\domains\watchshop.loc\core\Router.php | Строка: 46 
==========================
[2021-05-29 09:46:13] Текст ошибки: Страница не найдена | Файл: D:\programs\OpenServer\domains\watchshop.loc\core\Router.php | Строка: 46 
==========================
[2021-05-29 09:46:13] Текст ошибки: Страница не найдена | Файл: D:\programs\OpenServer\domains\watchshop.loc\core\Router.php | Строка: 46 
==========================
[2021-05-29 09:46:13] Текст ошибки: Страница не найдена | Файл: D:\programs\OpenServer\domains\watchshop.loc\core\Router.php | Строка: 46 
==========================
[2021-05-29 09:46:13] Текст ошибки: Страница не найдена | Файл: D:\programs\OpenServer\domains\watchshop.loc\core\Router.php | Строка: 46 
==========================
[2021-05-29 09:46:13] Текст ошибки: Страница не найдена | Файл: D:\programs\OpenServer\domains\watchshop.loc\core\Router.php | Строка: 46 
==========================
[2021-05-29 09:46:13] Текст ошибки: Страница не найдена | Файл: D:\programs\OpenServer\domains\watchshop.loc\core\Router.php | Строка: 46 
==========================
[2021-05-29 09:46:13] Текст ошибки: Страница не найдена | Файл: D:\programs\OpenServer\domains\watchshop.loc\core\Router.php | Строка: 46 
==========================
[2021-05-29 09:46:13] Текст ошибки: Страница не найдена | Файл: D:\programs\OpenServer\domains\watchshop.loc\core\Router.php | Строка: 46 
==========================
[2021-05-29 09:46:13] Текст ошибки: Страница не найдена | Файл: D:\programs\OpenServer\domains\watchshop.loc\core\Router.php | Строка: 46 
==========================
[2021-05-29 09:46:13] Текст ошибки: Страница не найдена | Файл: D:\programs\OpenServer\domains\watchshop.loc\core\Router.php | Строка: 46 
==========================
[2021-05-29 09:46:13] Текст ошибки: Страница не найдена | Файл: D:\programs\OpenServer\domains\watchshop.loc\core\Router.php | Строка: 46 
==========================
[2021-05-29 09:46:13] Текст ошибки: Страница не найдена | Файл: D:\programs\OpenServer\domains\watchshop.loc\core\Router.php | Строка: 46 
==========================
[2021-05-29 09:46:13] Текст ошибки: Страница не найдена | Файл: D:\programs\OpenServer\domains\watchshop.loc\core\Router.php | Строка: 46 
==========================
[2021-05-29 09:46:13] Текст ошибки: Страница не найдена | Файл: D:\programs\OpenServer\domains\watchshop.loc\core\Router.php | Строка: 46 
==========================
[2021-05-29 09:47:03] Текст ошибки: Страница не найдена | Файл: D:\programs\OpenServer\domains\watchshop.loc\core\Router.php | Строка: 46 
==========================
[2021-05-29 09:47:03] Текст ошибки: Страница не найдена | Файл: D:\programs\OpenServer\domains\watchshop.loc\core\Router.php | Строка: 46 
==========================
[2021-05-29 09:47:03] Текст ошибки: Страница не найдена | Файл: D:\programs\OpenServer\domains\watchshop.loc\core\Router.php | Строка: 46 
==========================
[2021-05-29 09:47:03] Текст ошибки: Страница не найдена | Файл: D:\programs\OpenServer\domains\watchshop.loc\core\Router.php | Строка: 46 
==========================
[2021-05-29 09:47:03] Текст ошибки: Страница не найдена | Файл: D:\programs\OpenServer\domains\watchshop.loc\core\Router.php | Строка: 46 
==========================
[2021-05-29 09:47:03] Текст ошибки: Страница не найдена | Файл: D:\programs\OpenServer\domains\watchshop.loc\core\Router.php | Строка: 46 
==========================
[2021-05-29 09:47:03] Текст ошибки: Страница не найдена | Файл: D:\programs\OpenServer\domains\watchshop.loc\core\Router.php | Строка: 46 
==========================
[2021-05-29 09:47:03] Текст ошибки: Страница не найдена | Файл: D:\programs\OpenServer\domains\watchshop.loc\core\Router.php | Строка: 46 
==========================
[2021-05-29 09:47:03] Текст ошибки: Страница не найдена | Файл: D:\programs\OpenServer\domains\watchshop.loc\core\Router.php | Строка: 46 
==========================
[2021-05-29 09:47:03] Текст ошибки: Страница не найдена | Файл: D:\programs\OpenServer\domains\watchshop.loc\core\Router.php | Строка: 46 
==========================
[2021-05-29 09:47:03] Текст ошибки: Страница не найдена | Файл: D:\programs\OpenServer\domains\watchshop.loc\core\Router.php | Строка: 46 
==========================
[2021-05-29 09:47:03] Текст ошибки: Страница не найдена | Файл: D:\programs\OpenServer\domains\watchshop.loc\core\Router.php | Строка: 46 
==========================
[2021-05-29 09:47:03] Текст ошибки: Страница не найдена | Файл: D:\programs\OpenServer\domains\watchshop.loc\core\Router.php | Строка: 46 
==========================
[2021-05-29 09:47:03] Текст ошибки: Страница не найдена | Файл: D:\programs\OpenServer\domains\watchshop.loc\core\Router.php | Строка: 46 
==========================
[2021-05-29 09:47:03] Текст ошибки: Страница не найдена | Файл: D:\programs\OpenServer\domains\watchshop.loc\core\Router.php | Строка: 46 
==========================
[2021-05-29 09:47:03] Текст ошибки: Страница не найдена | Файл: D:\programs\OpenServer\domains\watchshop.loc\core\Router.php | Строка: 46 
==========================
[2021-05-29 09:47:03] Текст ошибки: Страница не найдена | Файл: D:\programs\OpenServer\domains\watchshop.loc\core\Router.php | Строка: 46 
==========================
[2021-05-29 09:47:03] Текст ошибки: Страница не найдена | Файл: D:\programs\OpenServer\domains\watchshop.loc\core\Router.php | Строка: 46 
==========================
[2021-05-29 09:47:03] Текст ошибки: Страница не найдена | Файл: D:\programs\OpenServer\domains\watchshop.loc\core\Router.php | Строка: 46 
==========================
[2021-05-29 09:47:03] Текст ошибки: Страница не найдена | Файл: D:\programs\OpenServer\domains\watchshop.loc\core\Router.php | Строка: 46 
==========================
[2021-05-29 09:47:03] Текст ошибки: Страница не найдена | Файл: D:\programs\OpenServer\domains\watchshop.loc\core\Router.php | Строка: 46 
==========================
[2021-05-29 09:47:03] Текст ошибки: Страница не найдена | Файл: D:\programs\OpenServer\domains\watchshop.loc\core\Router.php | Строка: 46 
==========================
[2021-05-29 09:47:03] Текст ошибки: Страница не найдена | Файл: D:\programs\OpenServer\domains\watchshop.loc\core\Router.php | Строка: 46 
==========================
[2021-05-29 09:47:03] Текст ошибки: Страница не найдена | Файл: D:\programs\OpenServer\domains\watchshop.loc\core\Router.php | Строка: 46 
==========================
[2021-05-29 09:47:03] Текст ошибки: Страница не найдена | Файл: D:\programs\OpenServer\domains\watchshop.loc\core\Router.php | Строка: 46 
==========================
[2021-05-29 09:47:03] Текст ошибки: Страница не найдена | Файл: D:\programs\OpenServer\domains\watchshop.loc\core\Router.php | Строка: 46 
==========================
[2021-05-29 09:47:03] Текст ошибки: Страница не найдена | Файл: D:\programs\OpenServer\domains\watchshop.loc\core\Router.php | Строка: 46 
==========================
[2021-05-29 09:47:03] Текст ошибки: Страница не найдена | Файл: D:\programs\OpenServer\domains\watchshop.loc\core\Router.php | Строка: 46 
==========================
[2021-05-29 09:47:03] Текст ошибки: Страница не найдена | Файл: D:\programs\OpenServer\domains\watchshop.loc\core\Router.php | Строка: 46 
==========================
[2021-05-29 09:47:03] Текст ошибки: Страница не найдена | Файл: D:\programs\OpenServer\domains\watchshop.loc\core\Router.php | Строка: 46 
==========================
[2021-05-29 09:47:03] Текст ошибки: Страница не найдена | Файл: D:\programs\OpenServer\domains\watchshop.loc\core\Router.php | Строка: 46 
==========================
[2021-05-29 09:47:03] Текст ошибки: Страница не найдена | Файл: D:\programs\OpenServer\domains\watchshop.loc\core\Router.php | Строка: 46 
==========================
[2021-05-29 09:47:03] Текст ошибки: Страница не найдена | Файл: D:\programs\OpenServer\domains\watchshop.loc\core\Router.php | Строка: 46 
==========================
[2021-05-29 09:47:03] Текст ошибки: Страница не найдена | Файл: D:\programs\OpenServer\domains\watchshop.loc\core\Router.php | Строка: 46 
==========================
[2021-05-29 09:47:03] Текст ошибки: Страница не найдена | Файл: D:\programs\OpenServer\domains\watchshop.loc\core\Router.php | Строка: 46 
==========================
[2021-05-29 09:47:03] Текст ошибки: Страница не найдена | Файл: D:\programs\OpenServer\domains\watchshop.loc\core\Router.php | Строка: 46 
==========================
[2021-05-29 09:47:03] Текст ошибки: Страница не найдена | Файл: D:\programs\OpenServer\domains\watchshop.loc\core\Router.php | Строка: 46 
==========================
[2021-05-29 09:47:03] Текст ошибки: Страница не найдена | Файл: D:\programs\OpenServer\domains\watchshop.loc\core\Router.php | Строка: 46 
==========================
[2021-05-29 09:52:15] Текст ошибки: syntax error, unexpected '?>' | Файл: D:\programs\OpenServer\domains\watchshop.loc\app\views\layouts\admin.php | Строка: 512 
==========================
[2021-05-29 10:17:24] Текст ошибки: Контроллер App\controllers\admin\OrderController не найден | Файл: D:\programs\OpenServer\domains\watchshop.loc\core\Router.php | Строка: 43 
==========================
[2021-05-29 11:20:21] Текст ошибки: Не найден вид D:\programs\OpenServer\domains\watchshop.loc/app/views/admin\User/login-admin.php | Файл: D:\programs\OpenServer\domains\watchshop.loc\core\base\View.php | Строка: 43 
==========================
[2021-05-29 11:20:21] Текст ошибки: Не найден вид D:\programs\OpenServer\domains\watchshop.loc/app/views/admin\User/login-admin.php | Файл: D:\programs\OpenServer\domains\watchshop.loc\core\base\View.php | Строка: 43 
==========================
[2021-05-29 11:21:14] Текст ошибки: Не найден вид D:\programs\OpenServer\domains\watchshop.loc/app/views/admin\User/login-admin.php | Файл: D:\programs\OpenServer\domains\watchshop.loc\core\base\View.php | Строка: 43 
==========================
[2021-05-29 11:21:14] Текст ошибки: Не найден вид D:\programs\OpenServer\domains\watchshop.loc/app/views/admin\User/login-admin.php | Файл: D:\programs\OpenServer\domains\watchshop.loc\core\base\View.php | Строка: 43 
==========================
[2021-05-29 12:02:47] Текст ошибки: Страница не найдена | Файл: D:\programs\OpenServer\domains\watchshop.loc\core\Router.php | Строка: 46 
==========================
[2021-05-29 12:03:49] Текст ошибки: Страница не найдена | Файл: D:\programs\OpenServer\domains\watchshop.loc\core\Router.php | Строка: 46 
==========================
[2021-05-29 12:24:50] Текст ошибки: Call to a member function getDatabase() on null | Файл: D:\programs\OpenServer\domains\watchshop.loc\app\views\layouts\admin.php | Строка: 572 
==========================
[2021-05-29 12:37:54] Текст ошибки: SQLSTATE[42S02]: Base table or view not found: 1146 Table 'watchshop.products' doesn't exist | Файл: D:\programs\OpenServer\domains\watchshop.loc\vendor\gabordemooij\redbean\RedBeanPHP\Driver\RPDO.php | Строка: 202 
==========================
[2021-05-29 13:54:38] Текст ошибки: Контроллер App\controllers\admin\OrderController не найден | Файл: D:\programs\OpenServer\domains\watchshop.loc\core\Router.php | Строка: 43 
==========================
[2021-05-29 13:56:20] Текст ошибки: Метод App\controllers\admin\OrderController::indexAction не найден | Файл: D:\programs\OpenServer\domains\watchshop.loc\core\Router.php | Строка: 39 
==========================
[2021-05-29 14:25:09] Текст ошибки: SQLSTATE[42000]: Syntax error or access violation: 1064 You have an error in your SQL syntax; check the manual that corresponds to your MariaDB server version for the right syntax to use near '.`id`, `order`.`user_id`, `order`.`status`, `order`.`date`, `order`.`update_at`,' at line 1 | Файл: D:\programs\OpenServer\domains\watchshop.loc\vendor\gabordemooij\redbean\RedBeanPHP\Driver\RPDO.php | Строка: 202 
==========================
[2021-05-29 14:43:11] Текст ошибки: SQLSTATE[23000]: Integrity constraint violation: 1062 Duplicate entry 'test address' for key 'address' | Файл: D:\programs\OpenServer\domains\watchshop.loc\vendor\gabordemooij\redbean\RedBeanPHP\Driver\RPDO.php | Строка: 202 
==========================
[2021-05-29 14:48:56] Текст ошибки: Метод App\controllers\admin\OrderController::viewAction не найден | Файл: D:\programs\OpenServer\domains\watchshop.loc\core\Router.php | Строка: 39 
==========================
[2021-05-29 15:07:57] Текст ошибки: SQLSTATE[42S22]: Column not found: 1054 Unknown column 'order.*' in 'field list' | Файл: D:\programs\OpenServer\domains\watchshop.loc\vendor\gabordemooij\redbean\RedBeanPHP\Driver\RPDO.php | Строка: 202 
==========================
[2021-05-29 16:33:11] Текст ошибки: Метод App\controllers\admin\OrderController::deleteAction не найден | Файл: D:\programs\OpenServer\domains\watchshop.loc\core\Router.php | Строка: 39 
==========================
[2021-05-30 11:48:48] Текст ошибки: Метод App\controllers\admin\CategoryController::addAction не найден | Файл: D:\programs\OpenServer\domains\watchshop.loc\core\Router.php | Строка: 39 
==========================
[2021-05-30 11:48:48] Текст ошибки: Страница не найдена | Файл: D:\programs\OpenServer\domains\watchshop.loc\core\Router.php | Строка: 46 
==========================
[2021-05-30 12:43:36] Текст ошибки: Контроллер App\controllers\admin\CacheController не найден | Файл: D:\programs\OpenServer\domains\watchshop.loc\core\Router.php | Строка: 43 
==========================
[2021-05-30 12:43:43] Текст ошибки: Метод App\controllers\admin\CategoryController::addAction не найден | Файл: D:\programs\OpenServer\domains\watchshop.loc\core\Router.php | Строка: 39 
==========================
[2021-05-30 12:51:59] Текст ошибки: Метод App\controllers\admin\CategoryController::addAction не найден | Файл: D:\programs\OpenServer\domains\watchshop.loc\core\Router.php | Строка: 39 
==========================
[2021-05-30 12:53:13] Текст ошибки: Метод App\controllers\admin\CategoryController::addAction не найден | Файл: D:\programs\OpenServer\domains\watchshop.loc\core\Router.php | Строка: 39 
==========================
[2021-05-30 12:53:35] Текст ошибки: Метод App\controllers\admin\CategoryController::addAction не найден | Файл: D:\programs\OpenServer\domains\watchshop.loc\core\Router.php | Строка: 39 
==========================
[2021-05-30 12:53:42] Текст ошибки: Метод App\controllers\admin\CategoryController::viewAction не найден | Файл: D:\programs\OpenServer\domains\watchshop.loc\core\Router.php | Строка: 39 
==========================
[2021-05-30 12:54:01] Текст ошибки: Метод App\controllers\admin\CategoryController::addAction не найден | Файл: D:\programs\OpenServer\domains\watchshop.loc\core\Router.php | Строка: 39 
==========================
[2021-05-30 15:26:23] Текст ошибки: Контроллер App\controllers\admin\CacheController не найден | Файл: D:\programs\OpenServer\domains\watchshop.loc\core\Router.php | Строка: 43 
==========================
[2021-05-30 15:50:27] Текст ошибки: Не найден вид D:\programs\OpenServer\domains\watchshop.loc/app/views/admin\Cache/delete.php | Файл: D:\programs\OpenServer\domains\watchshop.loc\core\base\View.php | Строка: 43 
==========================
[2021-05-30 15:53:54] Текст ошибки: Не найден вид D:\programs\OpenServer\domains\watchshop.loc/app/views/admin\Cache/delete.php | Файл: D:\programs\OpenServer\domains\watchshop.loc\core\base\View.php | Строка: 43 
==========================
[2021-05-30 15:55:27] Текст ошибки: Не найден вид D:\programs\OpenServer\domains\watchshop.loc/app/views/admin\Cache/delete.php | Файл: D:\programs\OpenServer\domains\watchshop.loc\core\base\View.php | Строка: 43 
==========================
[2021-05-30 15:57:53] Текст ошибки: Не найден вид D:\programs\OpenServer\domains\watchshop.loc/app/views/admin\Cache/delete.php | Файл: D:\programs\OpenServer\domains\watchshop.loc\core\base\View.php | Строка: 43 
==========================
[2021-05-30 15:58:34] Текст ошибки: Не найден вид D:\programs\OpenServer\domains\watchshop.loc/app/views/admin\Cache/delete.php | Файл: D:\programs\OpenServer\domains\watchshop.loc\core\base\View.php | Строка: 43 
==========================
[2021-05-30 16:07:05] Текст ошибки: Не найден вид D:\programs\OpenServer\domains\watchshop.loc/app/views/admin\Cache/delete.php | Файл: D:\programs\OpenServer\domains\watchshop.loc\core\base\View.php | Строка: 43 
==========================
[2021-05-30 18:39:28] Текст ошибки: SQLSTATE[42S22]: Column not found: 1054 Unknown column 'user.name' in 'field list' | Файл: D:\programs\OpenServer\domains\watchshop.loc\vendor\gabordemooij\redbean\RedBeanPHP\Driver\RPDO.php | Строка: 202 
==========================
[2021-05-30 18:48:13] Текст ошибки: Метод App\controllers\admin\UserController::addAction не найден | Файл: D:\programs\OpenServer\domains\watchshop.loc\core\Router.php | Строка: 39 
==========================
[2021-05-31 16:48:58] Текст ошибки: Метод App\controllers\admin\ProductController::editAction не найден | Файл: D:\programs\OpenServer\domains\watchshop.loc\core\Router.php | Строка: 39 
==========================
[2021-05-31 16:48:58] Текст ошибки: Страница не найдена | Файл: D:\programs\OpenServer\domains\watchshop.loc\core\Router.php | Строка: 46 
==========================
[2021-05-31 16:49:17] Текст ошибки: Страница не найдена | Файл: D:\programs\OpenServer\domains\watchshop.loc\core\Router.php | Строка: 46 
==========================
[2021-05-31 17:38:39] Текст ошибки: Страница не найдена | Файл: D:\programs\OpenServer\domains\watchshop.loc\core\Router.php | Строка: 46 
==========================
[2021-05-31 18:12:36] Текст ошибки: Страница не найдена | Файл: D:\programs\OpenServer\domains\watchshop.loc\core\Router.php | Строка: 46 
==========================
[2021-05-31 18:12:38] Текст ошибки: Страница не найдена | Файл: D:\programs\OpenServer\domains\watchshop.loc\core\Router.php | Строка: 46 
==========================
[2021-05-31 19:07:48] Текст ошибки: SQLSTATE[42000]: Syntax error or access violation: 1064 You have an error in your SQL syntax; check the manual that corresponds to your MariaDB server version for the right syntax to use near '_product (attr_id, product_id) VALUES (1, 15),(5, 15),(8, 15),(12, 15),(18, 15)' at line 1 | Файл: D:\programs\OpenServer\domains\watchshop.loc\vendor\gabordemooij\redbean\RedBeanPHP\Driver\RPDO.php | Строка: 202 
==========================
[2021-05-31 19:08:42] Текст ошибки: SQLSTATE[42000]: Syntax error or access violation: 1064 You have an error in your SQL syntax; check the manual that corresponds to your MariaDB server version for the right syntax to use near 'product (attr_id, product_id) VALUES (1, 16),(5, 16),(8, 16),(12, 16),(18, 16)' at line 1 | Файл: D:\programs\OpenServer\domains\watchshop.loc\vendor\gabordemooij\redbean\RedBeanPHP\Driver\RPDO.php | Строка: 202 
==========================
[2021-05-31 19:09:17] Текст ошибки: SQLSTATE[42000]: Syntax error or access violation: 1064 You have an error in your SQL syntax; check the manual that corresponds to your MariaDB server version for the right syntax to use near 'attribute_product (attr_id, product_id) VALUES (1, 17),(5, 17),(8, 17),(12, 17),' at line 1 | Файл: D:\programs\OpenServer\domains\watchshop.loc\vendor\gabordemooij\redbean\RedBeanPHP\Driver\RPDO.php | Строка: 202 
==========================
[2021-05-31 19:11:33] Текст ошибки: Страница не найдена | Файл: D:\programs\OpenServer\domains\watchshop.loc\core\Router.php | Строка: 46 
==========================
[2021-05-31 19:11:38] Текст ошибки: Страница не найдена | Файл: D:\programs\OpenServer\domains\watchshop.loc\core\Router.php | Строка: 46 
==========================
[2021-05-31 19:11:41] Текст ошибки: Страница не найдена | Файл: D:\programs\OpenServer\domains\watchshop.loc\core\Router.php | Строка: 46 
==========================
[2021-05-31 19:11:44] Текст ошибки: Страница не найдена | Файл: D:\programs\OpenServer\domains\watchshop.loc\core\Router.php | Строка: 46 
==========================
[2021-05-31 19:11:47] Текст ошибки: Страница не найдена | Файл: D:\programs\OpenServer\domains\watchshop.loc\core\Router.php | Строка: 46 
==========================
[2021-05-31 19:59:57] Текст ошибки: Метод App\controllers\admin\ProductController::relatedProductAction не найден | Файл: D:\programs\OpenServer\domains\watchshop.loc\core\Router.php | Строка: 39 
==========================
[2021-05-31 20:00:28] Текст ошибки: Метод App\controllers\admin\ProductController::relatedProductAction не найден | Файл: D:\programs\OpenServer\domains\watchshop.loc\core\Router.php | Строка: 39 
==========================
